0 info it worked if it ends with ok
1 verbose cli [ 'node', '/Users/rbrookfield/.nvm/v0.10.31/bin/npm', 'publish' ]
2 info using npm@2.7.5
3 info using node@v0.10.31
4 verbose publish [ '.' ]
5 silly cache add args [ '.', null ]
6 verbose cache add spec .
7 silly cache add parsed spec { raw: '.',
7 silly cache add   scope: null,
7 silly cache add   name: null,
7 silly cache add   rawSpec: '.',
7 silly cache add   spec: '/Users/rbrookfield/node/352-uber',
7 silly cache add   type: 'directory' }
8 verbose addLocalDirectory /Users/rbrookfield/.npm/352-uber/0.0.2/package.tgz not in flight; packing
9 verbose tar pack [ '/Users/rbrookfield/.npm/352-uber/0.0.2/package.tgz',
9 verbose tar pack   '/Users/rbrookfield/node/352-uber' ]
10 verbose tarball /Users/rbrookfield/.npm/352-uber/0.0.2/package.tgz
11 verbose folder /Users/rbrookfield/node/352-uber
12 info prepublish 352-uber@0.0.2
13 verbose addLocalTarball adding from inside cache /Users/rbrookfield/.npm/352-uber/0.0.2/package.tgz
14 silly cache afterAdd 352-uber@0.0.2
15 verbose afterAdd /Users/rbrookfield/.npm/352-uber/0.0.2/package/package.json not in flight; writing
16 verbose afterAdd /Users/rbrookfield/.npm/352-uber/0.0.2/package/package.json written
17 silly publish { name: '352-uber',
17 silly publish   description: 'Uber API for NodeJS',
17 silly publish   author: { name: '352inc', email: 'devops@352inc.com' },
17 silly publish   version: '0.0.2',
17 silly publish   repository: { type: 'git', url: 'git://github.com/352media/352-uber.git' },
17 silly publish   dependencies: { promise: '^6.1.0', request: '^2.53.0', underscore: '^1.8.2' },
17 silly publish   devDependencies:
17 silly publish    { chai: '*',
17 silly publish      gulp: '^3.8.11',
17 silly publish      'gulp-jshint': '^1.9.4',
17 silly publish      'gulp-mocha': '^2.0.0',
17 silly publish      'gulp-util': '^3.0.4',
17 silly publish      'jshint-stylish': '^1.0.1',
17 silly publish      mocha: '*' },
17 silly publish   bugs: { url: 'https://github.com/352media/352-uber/issues' },
17 silly publish   homepage: 'https://github.com/352media/352-uber',
17 silly publish   main: 'uber.js',
17 silly publish   scripts: { test: 'mocha' },
17 silly publish   keywords: [ 'uber', 'api' ],
17 silly publish   license: 'MIT',
17 silly publish   directories: { test: 'test' },
17 silly publish   readme: 'uber-api\n====\n\nNodeJS implementation of Uber API.\nThe latest update has promise pattern implemented.\n\n## Installation\n```\nnpm install uber-api\n```\n\n## Usage\n```javascript\nvar Uber = require(\'uber-api\')({server_token:\'YOUR SERVER TOKEN\',version:\'v1\'}),\n    lat = 36,\n    lon = -94;\n\nUber.getProducts(lat, lon, function(error, response) {\n  if (error) {\n    console.log(error);\n  } else {\n    console.log(response);\n  }\n});\n\nUber.getProducts(lat, lon).then(function(response){\n  console.log(response);\n}, function(error){\n  console.error(response);\n});\n```\n\n## API Reference\n```\ngetProducts(latitude, longitude[, callback])\ngetPriceEstimate(start_latitude, start_longitude, end_latitude, end_longitude[, callback])\ngetTimeEstimate(start_latitude, start_longitude [,customer_uuid] [,product_id][, callback])\ngetPromotions(start_latitude, start_longitued, end_latitude, end_longitued [, callback])\n+getMe([callback])\n+†getHistory([callback])\n```\n\n+These require special tokens you can get via OAuth2.  You can then initialize Uber with {bearer_token:\'YOUR BEARER TOKEN\',version:\'v1\'}.\n\n† This functionality inspects the version passed in and if it is "v1" will auto adjust to "v1.1".  As per the Uber documentation (https://developer.uber.com/v1/endpoints/#user-activity-v1) v1 requires special permission to use. This library currently assumes this permission is not in place.\n\nRate limit state is returned as a member of the response object.\n```\nUber.getProducts(lat, lon).then(function(response){\n  console.log(response.rate_limit);\n});\n```\n',
17 silly publish   readmeFilename: 'README.md',
17 silly publish   gitHead: 'df888cf171ea6e6f6fc87aa608d71c90a2dc4db1',
17 silly publish   _id: '352-uber@0.0.2',
17 silly publish   _shasum: '822691aad38f72c8b77e32deeef588e409ff0b4c',
17 silly publish   _from: '.' }
18 silly mapToRegistry name 352-uber
19 silly mapToRegistry using default registry
20 silly mapToRegistry registry https://registry.npmjs.org/
21 silly mapToRegistry uri https://registry.npmjs.org/352-uber
22 verbose publish registryBase https://registry.npmjs.org/
23 silly publish uploading /Users/rbrookfield/.npm/352-uber/0.0.2/package.tgz
24 verbose request uri https://registry.npmjs.org/352-uber
25 verbose request sending authorization for write operation
26 info attempt registry request try #1 at 16:42:45
27 verbose request using bearer token for auth
28 verbose request id 78c0b99b1c182a39
29 http request PUT https://registry.npmjs.org/352-uber
30 http 403 https://registry.npmjs.org/352-uber
31 verbose headers { 'content-type': 'application/json',
31 verbose headers   'cache-control': 'max-age=60',
31 verbose headers   'content-length': '95',
31 verbose headers   'accept-ranges': 'bytes',
31 verbose headers   date: 'Wed, 22 Jul 2015 20:42:46 GMT',
31 verbose headers   via: '1.1 varnish',
31 verbose headers   connection: 'keep-alive',
31 verbose headers   'x-served-by': 'cache-jfk1029-JFK',
31 verbose headers   'x-cache': 'MISS',
31 verbose headers   'x-cache-hits': '0',
31 verbose headers   'x-timer': 'S1437597765.345752,VS0,VE754' }
32 verbose request invalidating /Users/rbrookfield/.npm/registry.npmjs.org/352-uber on PUT
33 error publish Failed PUT 403
34 verbose stack Error: "You cannot publish over the previously published version 0.0.2." : 352-uber
34 verbose stack     at CachingRegistryClient.<anonymous> (/Users/rbrookfield/.nvm/v0.10.31/lib/node_modules/npm/node_modules/npm-registry-client/lib/request.js:247:14)
34 verbose stack     at Request._callback (/Users/rbrookfield/.nvm/v0.10.31/lib/node_modules/npm/node_modules/npm-registry-client/lib/request.js:170:14)
34 verbose stack     at Request.self.callback (/Users/rbrookfield/.nvm/v0.10.31/lib/node_modules/npm/node_modules/request/request.js:360:22)
34 verbose stack     at Request.emit (events.js:98:17)
34 verbose stack     at Request.<anonymous> (/Users/rbrookfield/.nvm/v0.10.31/lib/node_modules/npm/node_modules/request/request.js:1202:14)
34 verbose stack     at Request.emit (events.js:117:20)
34 verbose stack     at IncomingMessage.<anonymous> (/Users/rbrookfield/.nvm/v0.10.31/lib/node_modules/npm/node_modules/request/request.js:1150:12)
34 verbose stack     at IncomingMessage.emit (events.js:117:20)
34 verbose stack     at _stream_readable.js:943:16
34 verbose stack     at process._tickCallback (node.js:419:13)
35 verbose statusCode 403
36 verbose pkgid 352-uber
37 verbose cwd /Users/rbrookfield/node/352-uber
38 error Darwin 14.4.0
39 error argv "node" "/Users/rbrookfield/.nvm/v0.10.31/bin/npm" "publish"
40 error node v0.10.31
41 error npm  v2.7.5
42 error code E403
43 error "You cannot publish over the previously published version 0.0.2." : 352-uber
44 error If you need help, you may report this error at:
44 error     <https://github.com/npm/npm/issues>
45 verbose exit [ 1, true ]
